<?xml version="1.0" encoding="UTF-8"?>
<!-- Generated by org.testng.reporters.JUnitReportReporter -->
<testsuite skipped="0" hostname="LAPTOP-VHQ" name="CucumberTest.TestRunner" tests="1" failures="0" timestamp="2020-07-05T23:04:55 COT" time="14.134" errors="0">
  <testcase name="reservaPage" time="14.134" classname="CucumberTest.TestRunner"/>
  <system-out/>
</testsuite> <!-- CucumberTest.TestRunner -->
